D:\GITHUBANDGITLAB\OPENCOMUNICATIONMODULE\SRC\WIN32\DEBUG\OPENCOMUNICATIONMODULE_WINUSB.EXE
D:\GITHUBANDGITLAB\OPENCOMUNICATIONMODULE\SRC\WIN32\DEBUG\OPENCOMUNICATIONMODULE_WINUSB.ILK
D:\GITHUBANDGITLAB\OPENCOMUNICATIONMODULE\SRC\WIN32\DEBUG\OPENCOMUNICATIONMODULE_WINUSB.PDB
D:\GitHubAndGitlab\OpenComunicationModule\src\win32\WinUSB version\OpenComunicationModule_WinUSB\Debug\CL.12028.read.1.tlog
D:\GitHubAndGitlab\OpenComunicationModule\src\win32\WinUSB version\OpenComunicationModule_WinUSB\Debug\CL.12028.write.1.tlog
D:\GitHubAndGitlab\OpenComunicationModule\src\win32\WinUSB version\OpenComunicationModule_WinUSB\Debug\CL.13892.read.1.tlog
D:\GitHubAndGitlab\OpenComunicationModule\src\win32\WinUSB version\OpenComunicationModule_WinUSB\Debug\CL.13892.write.1.tlog
D:\GitHubAndGitlab\OpenComunicationModule\src\win32\WinUSB version\OpenComunicationModule_WinUSB\Debug\CL.16036.read.1.tlog
D:\GitHubAndGitlab\OpenComunicationModule\src\win32\WinUSB version\OpenComunicationModule_WinUSB\Debug\CL.16036.write.1.tlog
D:\GitHubAndGitlab\OpenComunicationModule\src\win32\WinUSB version\OpenComunicationModule_WinUSB\Debug\CL.16992.read.1.tlog
D:\GitHubAndGitlab\OpenComunicationModule\src\win32\WinUSB version\OpenComunicationModule_WinUSB\Debug\CL.16992.write.1.tlog
D:\GitHubAndGitlab\OpenComunicationModule\src\win32\WinUSB version\OpenComunicationModule_WinUSB\Debug\CL.17224.read.1.tlog
D:\GitHubAndGitlab\OpenComunicationModule\src\win32\WinUSB version\OpenComunicationModule_WinUSB\Debug\CL.17224.write.1.tlog
D:\GitHubAndGitlab\OpenComunicationModule\src\win32\WinUSB version\OpenComunicationModule_WinUSB\Debug\CL.17468.read.1.tlog
D:\GitHubAndGitlab\OpenComunicationModule\src\win32\WinUSB version\OpenComunicationModule_WinUSB\Debug\CL.17468.write.1.tlog
D:\GitHubAndGitlab\OpenComunicationModule\src\win32\WinUSB version\OpenComunicationModule_WinUSB\Debug\CL.17872.read.1.tlog
D:\GitHubAndGitlab\OpenComunicationModule\src\win32\WinUSB version\OpenComunicationModule_WinUSB\Debug\CL.17872.write.1.tlog
D:\GitHubAndGitlab\OpenComunicationModule\src\win32\WinUSB version\OpenComunicationModule_WinUSB\Debug\CL.18596.read.1.tlog
D:\GitHubAndGitlab\OpenComunicationModule\src\win32\WinUSB version\OpenComunicationModule_WinUSB\Debug\CL.18596.write.1.tlog
D:\GitHubAndGitlab\OpenComunicationModule\src\win32\WinUSB version\OpenComunicationModule_WinUSB\Debug\CL.4176.read.1.tlog
D:\GitHubAndGitlab\OpenComunicationModule\src\win32\WinUSB version\OpenComunicationModule_WinUSB\Debug\CL.4176.write.1.tlog
D:\GitHubAndGitlab\OpenComunicationModule\src\win32\WinUSB version\OpenComunicationModule_WinUSB\Debug\cl.command.1.tlog
D:\GitHubAndGitlab\OpenComunicationModule\src\win32\WinUSB version\OpenComunicationModule_WinUSB\Debug\CL.read.1.tlog
D:\GitHubAndGitlab\OpenComunicationModule\src\win32\WinUSB version\OpenComunicationModule_WinUSB\Debug\cl.write.1.tlog
D:\GitHubAndGitlab\OpenComunicationModule\src\win32\WinUSB version\OpenComunicationModule_WinUSB\Debug\CoreParcer.obj
D:\GitHubAndGitlab\OpenComunicationModule\src\win32\WinUSB version\OpenComunicationModule_WinUSB\Debug\DeviceInfoSet.obj
D:\GitHubAndGitlab\OpenComunicationModule\src\win32\WinUSB version\OpenComunicationModule_WinUSB\Debug\HiRessTimeMeasure.obj
D:\GitHubAndGitlab\OpenComunicationModule\src\win32\WinUSB version\OpenComunicationModule_WinUSB\Debug\link.15096.read.1.tlog
D:\GitHubAndGitlab\OpenComunicationModule\src\win32\WinUSB version\OpenComunicationModule_WinUSB\Debug\link.15096.write.1.tlog
D:\GitHubAndGitlab\OpenComunicationModule\src\win32\WinUSB version\OpenComunicationModule_WinUSB\Debug\link.15096-cvtres.read.1.tlog
D:\GitHubAndGitlab\OpenComunicationModule\src\win32\WinUSB version\OpenComunicationModule_WinUSB\Debug\link.15096-cvtres.write.1.tlog
D:\GitHubAndGitlab\OpenComunicationModule\src\win32\WinUSB version\OpenComunicationModule_WinUSB\Debug\link.command.1.tlog
D:\GitHubAndGitlab\OpenComunicationModule\src\win32\WinUSB version\OpenComunicationModule_WinUSB\Debug\link.read.1.tlog
D:\GitHubAndGitlab\OpenComunicationModule\src\win32\WinUSB version\OpenComunicationModule_WinUSB\Debug\link.write.1.tlog
D:\GitHubAndGitlab\OpenComunicationModule\src\win32\WinUSB version\OpenComunicationModule_WinUSB\Debug\link-cvtres.read.1.tlog
D:\GitHubAndGitlab\OpenComunicationModule\src\win32\WinUSB version\OpenComunicationModule_WinUSB\Debug\link-cvtres.write.1.tlog
D:\GitHubAndGitlab\OpenComunicationModule\src\win32\WinUSB version\OpenComunicationModule_WinUSB\Debug\mt.command.1.tlog
D:\GitHubAndGitlab\OpenComunicationModule\src\win32\WinUSB version\OpenComunicationModule_WinUSB\Debug\mt.read.1.tlog
D:\GitHubAndGitlab\OpenComunicationModule\src\win32\WinUSB version\OpenComunicationModule_WinUSB\Debug\mt.write.1.tlog
D:\GitHubAndGitlab\OpenComunicationModule\src\win32\WinUSB version\OpenComunicationModule_WinUSB\Debug\Open_Comunication_module.obj
D:\GITHUBANDGITLAB\OPENCOMUNICATIONMODULE\SRC\WIN32\WINUSB VERSION\OPENCOMUNICATIONMODULE_WINUSB\DEBUG\OPENCOMUNICATIONMODULE_WINUSB.EXE.EMBED.MANIFEST
D:\GITHUBANDGITLAB\OPENCOMUNICATIONMODULE\SRC\WIN32\WINUSB VERSION\OPENCOMUNICATIONMODULE_WINUSB\DEBUG\OPENCOMUNICATIONMODULE_WINUSB.EXE.EMBED.MANIFEST.RES
D:\GITHUBANDGITLAB\OPENCOMUNICATIONMODULE\SRC\WIN32\WINUSB VERSION\OPENCOMUNICATIONMODULE_WINUSB\DEBUG\OPENCOMUNICATIONMODULE_WINUSB.EXE.INTERMEDIATE.MANIFEST
D:\GitHubAndGitlab\OpenComunicationModule\src\win32\WinUSB version\OpenComunicationModule_WinUSB\Debug\OpenComunicationModule_WinUSB.obj
D:\GitHubAndGitlab\OpenComunicationModule\src\win32\WinUSB version\OpenComunicationModule_WinUSB\Debug\OpenComunicationModule_WinUSB.write.1.tlog
D:\GitHubAndGitlab\OpenComunicationModule\src\win32\WinUSB version\OpenComunicationModule_WinUSB\Debug\OpenComunicationModule_WinUSB_manifest.rc
D:\GitHubAndGitlab\OpenComunicationModule\src\win32\WinUSB version\OpenComunicationModule_WinUSB\Debug\ParcerBaseTokenActionProvider.obj
D:\GitHubAndGitlab\OpenComunicationModule\src\win32\WinUSB version\OpenComunicationModule_WinUSB\Debug\rc.command.1.tlog
D:\GitHubAndGitlab\OpenComunicationModule\src\win32\WinUSB version\OpenComunicationModule_WinUSB\Debug\rc.read.1.tlog
D:\GitHubAndGitlab\OpenComunicationModule\src\win32\WinUSB version\OpenComunicationModule_WinUSB\Debug\rc.write.1.tlog
D:\GitHubAndGitlab\OpenComunicationModule\src\win32\WinUSB version\OpenComunicationModule_WinUSB\Debug\stdafx.obj
D:\GitHubAndGitlab\OpenComunicationModule\src\win32\WinUSB version\OpenComunicationModule_WinUSB\Debug\USB_Comands.obj
D:\GitHubAndGitlab\OpenComunicationModule\src\win32\WinUSB version\OpenComunicationModule_WinUSB\Debug\USB_Device.obj
D:\GitHubAndGitlab\OpenComunicationModule\src\win32\WinUSB version\OpenComunicationModule_WinUSB\Debug\vc100.idb
D:\GITHUBANDGITLAB\OPENCOMUNICATIONMODULE\SRC\WIN32\WINUSB VERSION\OPENCOMUNICATIONMODULE_WINUSB\DEBUG\VC100.PDB
