D:\GITHUBANDGITLAB\OPENCOMUNICATIONMODULE\SRC\WIN32\DEBUG\OPENUSBCOMUNICATIONEXAMPLE.EXE
D:\GITHUBANDGITLAB\OPENCOMUNICATIONMODULE\SRC\WIN32\DEBUG\OPENUSBCOMUNICATIONEXAMPLE.ILK
D:\GITHUBANDGITLAB\OPENCOMUNICATIONMODULE\SRC\WIN32\DEBUG\OPENUSBCOMUNICATIONEXAMPLE.PDB
D:\GitHubAndGitlab\OpenComunicationModule\src\win32\OpenUSBComunicationExample\Debug\CL.1092.read.1.tlog
D:\GitHubAndGitlab\OpenComunicationModule\src\win32\OpenUSBComunicationExample\Debug\CL.1092.write.1.tlog
D:\GitHubAndGitlab\OpenComunicationModule\src\win32\OpenUSBComunicationExample\Debug\CL.12800.read.1.tlog
D:\GitHubAndGitlab\OpenComunicationModule\src\win32\OpenUSBComunicationExample\Debug\CL.12800.write.1.tlog
D:\GitHubAndGitlab\OpenComunicationModule\src\win32\OpenUSBComunicationExample\Debug\CL.12876.read.1.tlog
D:\GitHubAndGitlab\OpenComunicationModule\src\win32\OpenUSBComunicationExample\Debug\CL.12876.write.1.tlog
D:\GitHubAndGitlab\OpenComunicationModule\src\win32\OpenUSBComunicationExample\Debug\CL.16272.read.1.tlog
D:\GitHubAndGitlab\OpenComunicationModule\src\win32\OpenUSBComunicationExample\Debug\CL.16272.write.1.tlog
D:\GitHubAndGitlab\OpenComunicationModule\src\win32\OpenUSBComunicationExample\Debug\CL.16996.read.1.tlog
D:\GitHubAndGitlab\OpenComunicationModule\src\win32\OpenUSBComunicationExample\Debug\CL.16996.write.1.tlog
D:\GitHubAndGitlab\OpenComunicationModule\src\win32\OpenUSBComunicationExample\Debug\CL.18116.read.1.tlog
D:\GitHubAndGitlab\OpenComunicationModule\src\win32\OpenUSBComunicationExample\Debug\CL.18116.write.1.tlog
D:\GitHubAndGitlab\OpenComunicationModule\src\win32\OpenUSBComunicationExample\Debug\CL.19852.read.1.tlog
D:\GitHubAndGitlab\OpenComunicationModule\src\win32\OpenUSBComunicationExample\Debug\CL.19852.write.1.tlog
D:\GitHubAndGitlab\OpenComunicationModule\src\win32\OpenUSBComunicationExample\Debug\CL.20364.read.1.tlog
D:\GitHubAndGitlab\OpenComunicationModule\src\win32\OpenUSBComunicationExample\Debug\CL.20364.write.1.tlog
D:\GitHubAndGitlab\OpenComunicationModule\src\win32\OpenUSBComunicationExample\Debug\CL.5280.read.1.tlog
D:\GitHubAndGitlab\OpenComunicationModule\src\win32\OpenUSBComunicationExample\Debug\CL.5280.write.1.tlog
D:\GitHubAndGitlab\OpenComunicationModule\src\win32\OpenUSBComunicationExample\Debug\cl.command.1.tlog
D:\GitHubAndGitlab\OpenComunicationModule\src\win32\OpenUSBComunicationExample\Debug\CL.read.1.tlog
D:\GitHubAndGitlab\OpenComunicationModule\src\win32\OpenUSBComunicationExample\Debug\cl.write.1.tlog
D:\GitHubAndGitlab\OpenComunicationModule\src\win32\OpenUSBComunicationExample\Debug\CoreParcer.obj
D:\GitHubAndGitlab\OpenComunicationModule\src\win32\OpenUSBComunicationExample\Debug\DeviceInfoSet.obj
D:\GitHubAndGitlab\OpenComunicationModule\src\win32\OpenUSBComunicationExample\Debug\HiRessTimeMeasure.obj
D:\GitHubAndGitlab\OpenComunicationModule\src\win32\OpenUSBComunicationExample\Debug\link.11260.read.1.tlog
D:\GitHubAndGitlab\OpenComunicationModule\src\win32\OpenUSBComunicationExample\Debug\link.11260.write.1.tlog
D:\GitHubAndGitlab\OpenComunicationModule\src\win32\OpenUSBComunicationExample\Debug\link.11260-cvtres.read.1.tlog
D:\GitHubAndGitlab\OpenComunicationModule\src\win32\OpenUSBComunicationExample\Debug\link.11260-cvtres.write.1.tlog
D:\GitHubAndGitlab\OpenComunicationModule\src\win32\OpenUSBComunicationExample\Debug\link.command.1.tlog
D:\GitHubAndGitlab\OpenComunicationModule\src\win32\OpenUSBComunicationExample\Debug\link.read.1.tlog
D:\GitHubAndGitlab\OpenComunicationModule\src\win32\OpenUSBComunicationExample\Debug\link.write.1.tlog
D:\GitHubAndGitlab\OpenComunicationModule\src\win32\OpenUSBComunicationExample\Debug\link-cvtres.read.1.tlog
D:\GitHubAndGitlab\OpenComunicationModule\src\win32\OpenUSBComunicationExample\Debug\link-cvtres.write.1.tlog
D:\GitHubAndGitlab\OpenComunicationModule\src\win32\OpenUSBComunicationExample\Debug\mt.command.1.tlog
D:\GitHubAndGitlab\OpenComunicationModule\src\win32\OpenUSBComunicationExample\Debug\mt.read.1.tlog
D:\GitHubAndGitlab\OpenComunicationModule\src\win32\OpenUSBComunicationExample\Debug\mt.write.1.tlog
D:\GitHubAndGitlab\OpenComunicationModule\src\win32\OpenUSBComunicationExample\Debug\Open_Comunication_module.obj
D:\GITHUBANDGITLAB\OPENCOMUNICATIONMODULE\SRC\WIN32\OPENUSBCOMUNICATIONEXAMPLE\DEBUG\OPENUSBCOMUNICATIONEXAMPLE.EXE.EMBED.MANIFEST
D:\GITHUBANDGITLAB\OPENCOMUNICATIONMODULE\SRC\WIN32\OPENUSBCOMUNICATIONEXAMPLE\DEBUG\OPENUSBCOMUNICATIONEXAMPLE.EXE.EMBED.MANIFEST.RES
D:\GITHUBANDGITLAB\OPENCOMUNICATIONMODULE\SRC\WIN32\OPENUSBCOMUNICATIONEXAMPLE\DEBUG\OPENUSBCOMUNICATIONEXAMPLE.EXE.INTERMEDIATE.MANIFEST
D:\GitHubAndGitlab\OpenComunicationModule\src\win32\OpenUSBComunicationExample\Debug\OpenUSBComunicationExample.obj
D:\GitHubAndGitlab\OpenComunicationModule\src\win32\OpenUSBComunicationExample\Debug\OpenUSBComunicationExample.vcxprojResolveAssemblyReference.cache
D:\GitHubAndGitlab\OpenComunicationModule\src\win32\OpenUSBComunicationExample\Debug\OpenUSBComunicationExample.write.1.tlog
D:\GitHubAndGitlab\OpenComunicationModule\src\win32\OpenUSBComunicationExample\Debug\OpenUSBComunicationExample_manifest.rc
D:\GitHubAndGitlab\OpenComunicationModule\src\win32\OpenUSBComunicationExample\Debug\ParcerBaseTokenActionProvider.obj
D:\GitHubAndGitlab\OpenComunicationModule\src\win32\OpenUSBComunicationExample\Debug\rc.command.1.tlog
D:\GitHubAndGitlab\OpenComunicationModule\src\win32\OpenUSBComunicationExample\Debug\rc.read.1.tlog
D:\GitHubAndGitlab\OpenComunicationModule\src\win32\OpenUSBComunicationExample\Debug\rc.write.1.tlog
D:\GitHubAndGitlab\OpenComunicationModule\src\win32\OpenUSBComunicationExample\Debug\stdafx.obj
D:\GitHubAndGitlab\OpenComunicationModule\src\win32\OpenUSBComunicationExample\Debug\USB_Comands.obj
D:\GitHubAndGitlab\OpenComunicationModule\src\win32\OpenUSBComunicationExample\Debug\USB_Device.obj
D:\GitHubAndGitlab\OpenComunicationModule\src\win32\OpenUSBComunicationExample\Debug\vc100.idb
D:\GITHUBANDGITLAB\OPENCOMUNICATIONMODULE\SRC\WIN32\OPENUSBCOMUNICATIONEXAMPLE\DEBUG\VC100.PDB
