D:\GITHUBANDGITLAB\OPENCOMUNICATIONMODULE\SRC\WIN32\DEBUG\OPENCOMUNICATIONMODULE_LIBUSB.EXE
D:\GITHUBANDGITLAB\OPENCOMUNICATIONMODULE\SRC\WIN32\DEBUG\OPENCOMUNICATIONMODULE_LIBUSB.ILK
D:\GITHUBANDGITLAB\OPENCOMUNICATIONMODULE\SRC\WIN32\DEBUG\OPENCOMUNICATIONMODULE_LIBUSB.PDB
D:\GitHubAndGitlab\OpenComunicationModule\src\win32\LibUSB version\OpenComunicationModule_LibUSB\Debug\cl.command.1.tlog
D:\GitHubAndGitlab\OpenComunicationModule\src\win32\LibUSB version\OpenComunicationModule_LibUSB\Debug\CL.read.1.tlog
D:\GitHubAndGitlab\OpenComunicationModule\src\win32\LibUSB version\OpenComunicationModule_LibUSB\Debug\CL.write.1.tlog
D:\GitHubAndGitlab\OpenComunicationModule\src\win32\LibUSB version\OpenComunicationModule_LibUSB\Debug\link.18628.read.1.tlog
D:\GitHubAndGitlab\OpenComunicationModule\src\win32\LibUSB version\OpenComunicationModule_LibUSB\Debug\link.18628.write.1.tlog
D:\GitHubAndGitlab\OpenComunicationModule\src\win32\LibUSB version\OpenComunicationModule_LibUSB\Debug\link.18628-cvtres.read.1.tlog
D:\GitHubAndGitlab\OpenComunicationModule\src\win32\LibUSB version\OpenComunicationModule_LibUSB\Debug\link.18628-cvtres.write.1.tlog
D:\GitHubAndGitlab\OpenComunicationModule\src\win32\LibUSB version\OpenComunicationModule_LibUSB\Debug\link.command.1.tlog
D:\GitHubAndGitlab\OpenComunicationModule\src\win32\LibUSB version\OpenComunicationModule_LibUSB\Debug\link.read.1.tlog
D:\GitHubAndGitlab\OpenComunicationModule\src\win32\LibUSB version\OpenComunicationModule_LibUSB\Debug\link.write.1.tlog
D:\GitHubAndGitlab\OpenComunicationModule\src\win32\LibUSB version\OpenComunicationModule_LibUSB\Debug\link-cvtres.read.1.tlog
D:\GitHubAndGitlab\OpenComunicationModule\src\win32\LibUSB version\OpenComunicationModule_LibUSB\Debug\link-cvtres.write.1.tlog
D:\GitHubAndGitlab\OpenComunicationModule\src\win32\LibUSB version\OpenComunicationModule_LibUSB\Debug\mt.command.1.tlog
D:\GitHubAndGitlab\OpenComunicationModule\src\win32\LibUSB version\OpenComunicationModule_LibUSB\Debug\mt.read.1.tlog
D:\GitHubAndGitlab\OpenComunicationModule\src\win32\LibUSB version\OpenComunicationModule_LibUSB\Debug\mt.write.1.tlog
D:\GITHUBANDGITLAB\OPENCOMUNICATIONMODULE\SRC\WIN32\LIBUSB VERSION\OPENCOMUNICATIONMODULE_LIBUSB\DEBUG\OPENCOMUNICATIONMODULE_LIBUSB.EXE.EMBED.MANIFEST
D:\GITHUBANDGITLAB\OPENCOMUNICATIONMODULE\SRC\WIN32\LIBUSB VERSION\OPENCOMUNICATIONMODULE_LIBUSB\DEBUG\OPENCOMUNICATIONMODULE_LIBUSB.EXE.EMBED.MANIFEST.RES
D:\GITHUBANDGITLAB\OPENCOMUNICATIONMODULE\SRC\WIN32\LIBUSB VERSION\OPENCOMUNICATIONMODULE_LIBUSB\DEBUG\OPENCOMUNICATIONMODULE_LIBUSB.EXE.INTERMEDIATE.MANIFEST
D:\GITHUBANDGITLAB\OPENCOMUNICATIONMODULE\SRC\WIN32\LIBUSB VERSION\OPENCOMUNICATIONMODULE_LIBUSB\DEBUG\OPENCOMUNICATIONMODULE_LIBUSB.OBJ
D:\GitHubAndGitlab\OpenComunicationModule\src\win32\LibUSB version\OpenComunicationModule_LibUSB\Debug\OpenComunicationModule_LibUSB.write.1.tlog
D:\GitHubAndGitlab\OpenComunicationModule\src\win32\LibUSB version\OpenComunicationModule_LibUSB\Debug\OpenComunicationModule_LibUSB_manifest.rc
D:\GitHubAndGitlab\OpenComunicationModule\src\win32\LibUSB version\OpenComunicationModule_LibUSB\Debug\rc.command.1.tlog
D:\GitHubAndGitlab\OpenComunicationModule\src\win32\LibUSB version\OpenComunicationModule_LibUSB\Debug\rc.read.1.tlog
D:\GitHubAndGitlab\OpenComunicationModule\src\win32\LibUSB version\OpenComunicationModule_LibUSB\Debug\rc.write.1.tlog
D:\GITHUBANDGITLAB\OPENCOMUNICATIONMODULE\SRC\WIN32\LIBUSB VERSION\OPENCOMUNICATIONMODULE_LIBUSB\DEBUG\STDAFX.OBJ
D:\GitHubAndGitlab\OpenComunicationModule\src\win32\LibUSB version\OpenComunicationModule_LibUSB\Debug\vc100.idb
D:\GITHUBANDGITLAB\OPENCOMUNICATIONMODULE\SRC\WIN32\LIBUSB VERSION\OPENCOMUNICATIONMODULE_LIBUSB\DEBUG\VC100.PDB
