Построение начато 27.04.2019 14:57:57.
     1>Проект "C:\Users\harde\Documents\Visual Studio 2010\Projects\OpenComunicationModule_LibUSB\OpenComunicationModule_LibUSB\OpenComunicationModule_LibUSB.vcxproj" в узле 2 (целевые объекты build).
     1>InitializeBuildStatus:
         Создание "Debug\OpenComunicationModule_LibUSB.unsuccessfulbuild", так как было задано "AlwaysCreate".
       ClCompile:
         C:\Program Files (x86)\Microsoft Visual Studio 10.0\VC\bin\CL.exe /c /ZI /nologo /W3 /WX- /MP /Od /Oy- /D WIN32 /D _DEBUG /D _CONSOLE /D _MBCS /Gm /EHsc /RTC1 /MDd /GS /fp:precise /Zc:wchar_t /Zc:forScope /Fo"Debug\\" /Fd"Debug\vc100.pdb" /Gd /TP /analyze- /errorReport:prompt OpenComunicationModule_LibUSB.cpp
         OpenComunicationModule_LibUSB.cpp
     1>c:\users\harde\documents\visual studio 2010\projects\opencomunicationmodule_libusb\libusb-1.0.22\include\libusb-1.0\libusb.h(740): warning C4200: нестандартное расширение: массив нулевого размера в структуре (объединении)
                 Невозможно создать конструктор копии или оператор присвоения копии, когда UDT содержит массив нулевого размера
     1>c:\users\harde\documents\visual studio 2010\projects\opencomunicationmodule_libusb\libusb-1.0.22\include\libusb-1.0\libusb.h(765): warning C4200: нестандартное расширение: массив нулевого размера в структуре (объединении)
                 Невозможно создать конструктор копии или оператор присвоения копии, когда UDT содержит массив нулевого размера
     1>c:\users\harde\documents\visual studio 2010\projects\opencomunicationmodule_libusb\libusb-1.0.22\include\libusb-1.0\libusb.h(1258): warning C4200: нестандартное расширение: массив нулевого размера в структуре (объединении)
                 Невозможно создать конструктор копии или оператор присвоения копии, когда UDT содержит массив нулевого размера
     1>c:\users\harde\documents\visual studio 2010\projects\opencomunicationmodule_libusb\opencomunicationmodule_libusb\opencomunicationmodule_libusb.cpp(13): warning C4101: devs: неиспользованная локальная переменная
     1>c:\users\harde\documents\visual studio 2010\projects\opencomunicationmodule_libusb\opencomunicationmodule_libusb\opencomunicationmodule_libusb.cpp(17): warning C4101: i: неиспользованная локальная переменная
     1>c:\users\harde\documents\visual studio 2010\projects\opencomunicationmodule_libusb\opencomunicationmodule_libusb\opencomunicationmodule_libusb.cpp(16): warning C4101: cnt: неиспользованная локальная переменная
       ManifestResourceCompile:
         Для всех выходных данных обновления не требуется.
       Link:
         C:\Program Files (x86)\Microsoft Visual Studio 10.0\VC\bin\link.exe /ERRORREPORT:PROMPT /OUT:"C:\Users\harde\Documents\Visual Studio 2010\Projects\OpenComunicationModule_LibUSB\Debug\OpenComunicationModule_LibUSB.exe" /INCREMENTAL /NOLOGO "libusb-1.0.lib" kernel32.lib user32.lib gdi32.lib winspool.lib comdlg32.lib advapi32.lib shell32.lib ole32.lib oleaut32.lib uuid.lib odbc32.lib odbccp32.lib /MANIFEST /ManifestFile:"Debug\OpenComunicationModule_LibUSB.exe.intermediate.manifest" /MANIFESTUAC:"level='asInvoker' uiAccess='false'" /DEBUG /PDB:"C:\Users\harde\Documents\Visual Studio 2010\Projects\OpenComunicationModule_LibUSB\Debug\OpenComunicationModule_LibUSB.pdb" /SUBSYSTEM:CONSOLE /TLBID:1 /DYNAMICBASE /NXCOMPAT /IMPLIB:"C:\Users\harde\Documents\Visual Studio 2010\Projects\OpenComunicationModule_LibUSB\Debug\OpenComunicationModule_LibUSB.lib" /MACHINE:X86 Debug\OpenComunicationModule_LibUSB.exe.embed.manifest.res
         Debug\OpenComunicationModule_LibUSB.obj
         Debug\stdafx.obj
       Manifest:
         C:\Program Files (x86)\Microsoft SDKs\Windows\v7.0A\bin\mt.exe /nologo /verbose /out:"Debug\OpenComunicationModule_LibUSB.exe.embed.manifest" /manifest Debug\OpenComunicationModule_LibUSB.exe.intermediate.manifest
         Для всех выходных данных обновления не требуется.
       LinkEmbedManifest:
         Для всех выходных данных обновления не требуется.
         OpenComunicationModule_LibUSB.vcxproj -> C:\Users\harde\Documents\Visual Studio 2010\Projects\OpenComunicationModule_LibUSB\Debug\OpenComunicationModule_LibUSB.exe
       FinalizeBuildStatus:
         Файл "Debug\OpenComunicationModule_LibUSB.unsuccessfulbuild" удаляется.
         Обращение к "Debug\OpenComunicationModule_LibUSB.lastbuildstate".
     1>Построение проекта "C:\Users\harde\Documents\Visual Studio 2010\Projects\OpenComunicationModule_LibUSB\OpenComunicationModule_LibUSB\OpenComunicationModule_LibUSB.vcxproj" завершено (целевые объекты build).

Построение успешно завершено.

Затраченное время: 00:00:01.89
