Построение начато 30.03.2019 21:10:28.
     1>Проект "D:\GitHubAndGitlab\Open_Universal_Comunication_module\0.4A\OpenUSBComunicationExample\OpenUSBComunicationExample\OpenUSBComunicationExample.vcxproj" в узле 2 (целевые объекты build).
     1>InitializeBuildStatus:
         Создание "x64\Debug\OpenUSBComunicationExample.unsuccessfulbuild", так как было задано "AlwaysCreate".
       ClCompile:
         C:\Program Files (x86)\Microsoft Visual Studio 10.0\VC\bin\x86_amd64\CL.exe /c /Zi /nologo /W3 /WX- /MP /Od /D WIN32 /D _DEBUG /D _CONSOLE /D _MBCS /Gm- /EHsc /RTC1 /MDd /GS /fp:precise /Zc:wchar_t /Zc:forScope /Fo"x64\Debug\\" /Fd"x64\Debug\vc100.pdb" /Gd /TP /errorReport:prompt USB_Device.cpp
         USB_Device.cpp
     1>USB_Device.cpp(172): warning C4244: аргумент: преобразование "unsigned long" в "uint16_t", возможна потеря данных
     1>USB_Device.cpp(184): warning C4244: аргумент: преобразование "unsigned long" в "uint16_t", возможна потеря данных
     1>USB_Device.cpp(196): warning C4244: аргумент: преобразование "unsigned long" в "uint16_t", возможна потеря данных
     1>USB_Device.cpp(213): warning C4305: =: усечение из "int" к "char"
     1>USB_Device.cpp(213): warning C4309: =: усечение константного значения
     1>USB_Device.cpp(229): warning C4800: BOOL: принудительно задано логическое значение "true" или "false" (предупреждение о производительности)
       Link:
         C:\Program Files (x86)\Microsoft Visual Studio 10.0\VC\bin\x86_amd64\link.exe /ERRORREPORT:PROMPT /OUT:"D:\GitHubAndGitlab\Open_Universal_Comunication_module\0.4A\OpenUSBComunicationExample\x64\Debug\OpenUSBComunicationExample.exe" /INCREMENTAL:NO /NOLOGO Setupapi.lib winusb.lib kernel32.lib user32.lib gdi32.lib winspool.lib comdlg32.lib advapi32.lib shell32.lib ole32.lib oleaut32.lib uuid.lib odbc32.lib odbccp32.lib /MANIFEST /ManifestFile:"x64\Debug\OpenUSBComunicationExample.exe.intermediate.manifest" /MANIFESTUAC:"level='asInvoker' uiAccess='false'" /DEBUG /PDB:"D:\GitHubAndGitlab\Open_Universal_Comunication_module\0.4A\OpenUSBComunicationExample\x64\Debug\OpenUSBComunicationExample.pdb" /SUBSYSTEM:CONSOLE /TLBID:1 /DYNAMICBASE /NXCOMPAT /IMPLIB:"D:\GitHubAndGitlab\Open_Universal_Comunication_module\0.4A\OpenUSBComunicationExample\x64\Debug\OpenUSBComunicationExample.lib" /MACHINE:X64 x64\Debug\CoreParcer.obj
         x64\Debug\DeviceInfoSet.obj
         x64\Debug\HiRessTimeMeasure.obj
         x64\Debug\OpenUSBComunicationExample.obj
         x64\Debug\Open_Comunication_module.obj
         x64\Debug\ParcerBaseTokenActionProvider.obj
         x64\Debug\stdafx.obj
         x64\Debug\USB_Comands.obj
         x64\Debug\USB_Device.obj
         OpenUSBComunicationExample.vcxproj -> D:\GitHubAndGitlab\Open_Universal_Comunication_module\0.4A\OpenUSBComunicationExample\x64\Debug\OpenUSBComunicationExample.exe
       Manifest:
         C:\Program Files (x86)\Microsoft SDKs\Windows\v7.0A\bin\mt.exe /nologo /verbose /outputresource:"D:\GitHubAndGitlab\Open_Universal_Comunication_module\0.4A\OpenUSBComunicationExample\x64\Debug\OpenUSBComunicationExample.exe;#1" /manifest x64\Debug\OpenUSBComunicationExample.exe.intermediate.manifest
       FinalizeBuildStatus:
         Файл "x64\Debug\OpenUSBComunicationExample.unsuccessfulbuild" удаляется.
         Обращение к "x64\Debug\OpenUSBComunicationExample.lastbuildstate".
     1>Построение проекта "D:\GitHubAndGitlab\Open_Universal_Comunication_module\0.4A\OpenUSBComunicationExample\OpenUSBComunicationExample\OpenUSBComunicationExample.vcxproj" завершено (целевые объекты build).

Построение успешно завершено.

Затраченное время: 00:00:01.71
