D:\GitHubAndGitlab\Open_Universal_Comunication_module\0.4A\OpenUSBComunicationExample\OpenUSBComunicationExample\x64\Debug\CL.13472.read.1.tlog
D:\GitHubAndGitlab\Open_Universal_Comunication_module\0.4A\OpenUSBComunicationExample\OpenUSBComunicationExample\x64\Debug\CL.13472.write.1.tlog
D:\GitHubAndGitlab\Open_Universal_Comunication_module\0.4A\OpenUSBComunicationExample\OpenUSBComunicationExample\x64\Debug\CL.13516.read.1.tlog
D:\GitHubAndGitlab\Open_Universal_Comunication_module\0.4A\OpenUSBComunicationExample\OpenUSBComunicationExample\x64\Debug\CL.13516.write.1.tlog
D:\GitHubAndGitlab\Open_Universal_Comunication_module\0.4A\OpenUSBComunicationExample\OpenUSBComunicationExample\x64\Debug\CL.15384.read.1.tlog
D:\GitHubAndGitlab\Open_Universal_Comunication_module\0.4A\OpenUSBComunicationExample\OpenUSBComunicationExample\x64\Debug\CL.15384.write.1.tlog
D:\GitHubAndGitlab\Open_Universal_Comunication_module\0.4A\OpenUSBComunicationExample\OpenUSBComunicationExample\x64\Debug\CL.15604.read.1.tlog
D:\GitHubAndGitlab\Open_Universal_Comunication_module\0.4A\OpenUSBComunicationExample\OpenUSBComunicationExample\x64\Debug\CL.15604.write.1.tlog
D:\GitHubAndGitlab\Open_Universal_Comunication_module\0.4A\OpenUSBComunicationExample\OpenUSBComunicationExample\x64\Debug\CL.2076.read.1.tlog
D:\GitHubAndGitlab\Open_Universal_Comunication_module\0.4A\OpenUSBComunicationExample\OpenUSBComunicationExample\x64\Debug\CL.2076.write.1.tlog
D:\GitHubAndGitlab\Open_Universal_Comunication_module\0.4A\OpenUSBComunicationExample\OpenUSBComunicationExample\x64\Debug\CL.21732.read.1.tlog
D:\GitHubAndGitlab\Open_Universal_Comunication_module\0.4A\OpenUSBComunicationExample\OpenUSBComunicationExample\x64\Debug\CL.21732.write.1.tlog
D:\GitHubAndGitlab\Open_Universal_Comunication_module\0.4A\OpenUSBComunicationExample\OpenUSBComunicationExample\x64\Debug\CL.22048.read.1.tlog
D:\GitHubAndGitlab\Open_Universal_Comunication_module\0.4A\OpenUSBComunicationExample\OpenUSBComunicationExample\x64\Debug\CL.22048.write.1.tlog
D:\GitHubAndGitlab\Open_Universal_Comunication_module\0.4A\OpenUSBComunicationExample\OpenUSBComunicationExample\x64\Debug\CL.23532.read.1.tlog
D:\GitHubAndGitlab\Open_Universal_Comunication_module\0.4A\OpenUSBComunicationExample\OpenUSBComunicationExample\x64\Debug\CL.23532.write.1.tlog
D:\GitHubAndGitlab\Open_Universal_Comunication_module\0.4A\OpenUSBComunicationExample\OpenUSBComunicationExample\x64\Debug\CL.23832.read.1.tlog
D:\GitHubAndGitlab\Open_Universal_Comunication_module\0.4A\OpenUSBComunicationExample\OpenUSBComunicationExample\x64\Debug\CL.23832.write.1.tlog
D:\GitHubAndGitlab\Open_Universal_Comunication_module\0.4A\OpenUSBComunicationExample\OpenUSBComunicationExample\x64\Debug\cl.command.1.tlog
D:\GitHubAndGitlab\Open_Universal_Comunication_module\0.4A\OpenUSBComunicationExample\OpenUSBComunicationExample\x64\Debug\CL.read.1.tlog
D:\GitHubAndGitlab\Open_Universal_Comunication_module\0.4A\OpenUSBComunicationExample\OpenUSBComunicationExample\x64\Debug\cl.write.1.tlog
D:\GitHubAndGitlab\Open_Universal_Comunication_module\0.4A\OpenUSBComunicationExample\OpenUSBComunicationExample\x64\Debug\CoreParcer.obj
D:\GitHubAndGitlab\Open_Universal_Comunication_module\0.4A\OpenUSBComunicationExample\OpenUSBComunicationExample\x64\Debug\DeviceInfoSet.obj
D:\GitHubAndGitlab\Open_Universal_Comunication_module\0.4A\OpenUSBComunicationExample\OpenUSBComunicationExample\x64\Debug\HiRessTimeMeasure.obj
D:\GitHubAndGitlab\Open_Universal_Comunication_module\0.4A\OpenUSBComunicationExample\OpenUSBComunicationExample\x64\Debug\link.command.1.tlog
D:\GitHubAndGitlab\Open_Universal_Comunication_module\0.4A\OpenUSBComunicationExample\OpenUSBComunicationExample\x64\Debug\link.read.1.tlog
D:\GitHubAndGitlab\Open_Universal_Comunication_module\0.4A\OpenUSBComunicationExample\OpenUSBComunicationExample\x64\Debug\link.write.1.tlog
D:\GitHubAndGitlab\Open_Universal_Comunication_module\0.4A\OpenUSBComunicationExample\OpenUSBComunicationExample\x64\Debug\mt.command.1.tlog
D:\GitHubAndGitlab\Open_Universal_Comunication_module\0.4A\OpenUSBComunicationExample\OpenUSBComunicationExample\x64\Debug\mt.read.1.tlog
D:\GitHubAndGitlab\Open_Universal_Comunication_module\0.4A\OpenUSBComunicationExample\OpenUSBComunicationExample\x64\Debug\mt.write.1.tlog
D:\GitHubAndGitlab\Open_Universal_Comunication_module\0.4A\OpenUSBComunicationExample\OpenUSBComunicationExample\x64\Debug\Open_Comunication_module.obj
D:\GITHUBANDGITLAB\OPEN_UNIVERSAL_COMUNICATION_MODULE\0.4A\OPENUSBCOMUNICATIONEXAMPLE\OPENUSBCOMUNICATIONEXAMPLE\X64\DEBUG\OPENUSBCOMUNICATIONEXAMPLE.EXE.INTERMEDIATE.MANIFEST
D:\GitHubAndGitlab\Open_Universal_Comunication_module\0.4A\OpenUSBComunicationExample\OpenUSBComunicationExample\x64\Debug\OpenUSBComunicationExample.obj
D:\GitHubAndGitlab\Open_Universal_Comunication_module\0.4A\OpenUSBComunicationExample\OpenUSBComunicationExample\x64\Debug\OpenUSBComunicationExample.write.1.tlog
D:\GitHubAndGitlab\Open_Universal_Comunication_module\0.4A\OpenUSBComunicationExample\OpenUSBComunicationExample\x64\Debug\ParcerBaseTokenActionProvider.obj
D:\GitHubAndGitlab\Open_Universal_Comunication_module\0.4A\OpenUSBComunicationExample\OpenUSBComunicationExample\x64\Debug\stdafx.obj
D:\GitHubAndGitlab\Open_Universal_Comunication_module\0.4A\OpenUSBComunicationExample\OpenUSBComunicationExample\x64\Debug\USB_Comands.obj
D:\GitHubAndGitlab\Open_Universal_Comunication_module\0.4A\OpenUSBComunicationExample\OpenUSBComunicationExample\x64\Debug\USB_Device.obj
D:\GITHUBANDGITLAB\OPEN_UNIVERSAL_COMUNICATION_MODULE\0.4A\OPENUSBCOMUNICATIONEXAMPLE\OPENUSBCOMUNICATIONEXAMPLE\X64\DEBUG\VC100.PDB
D:\GITHUBANDGITLAB\OPEN_UNIVERSAL_COMUNICATION_MODULE\0.4A\OPENUSBCOMUNICATIONEXAMPLE\X64\DEBUG\OPENUSBCOMUNICATIONEXAMPLE.EXE
D:\GITHUBANDGITLAB\OPEN_UNIVERSAL_COMUNICATION_MODULE\0.4A\OPENUSBCOMUNICATIONEXAMPLE\X64\DEBUG\OPENUSBCOMUNICATIONEXAMPLE.PDB
