D:\GITHUBANDGITLAB\OPENCOMUNICATIONMODULE\SRC\WIN32\DEBUG\OPENUSBCOMUNICATIONEXAMPLE.EXE
D:\GITHUBANDGITLAB\OPENCOMUNICATIONMODULE\SRC\WIN32\DEBUG\OPENUSBCOMUNICATIONEXAMPLE.ILK
D:\GITHUBANDGITLAB\OPENCOMUNICATIONMODULE\SRC\WIN32\DEBUG\OPENUSBCOMUNICATIONEXAMPLE.PDB
D:\GitHubAndGitlab\OpenComunicationModule\src\win32\OpenUSBComunicationExample\Debug\CL.14308.read.1.tlog
D:\GitHubAndGitlab\OpenComunicationModule\src\win32\OpenUSBComunicationExample\Debug\CL.14308.write.1.tlog
D:\GitHubAndGitlab\OpenComunicationModule\src\win32\OpenUSBComunicationExample\Debug\CL.14340.read.1.tlog
D:\GitHubAndGitlab\OpenComunicationModule\src\win32\OpenUSBComunicationExample\Debug\CL.14340.write.1.tlog
D:\GitHubAndGitlab\OpenComunicationModule\src\win32\OpenUSBComunicationExample\Debug\CL.16252.read.1.tlog
D:\GitHubAndGitlab\OpenComunicationModule\src\win32\OpenUSBComunicationExample\Debug\CL.16252.write.1.tlog
D:\GitHubAndGitlab\OpenComunicationModule\src\win32\OpenUSBComunicationExample\Debug\CL.18932.read.1.tlog
D:\GitHubAndGitlab\OpenComunicationModule\src\win32\OpenUSBComunicationExample\Debug\CL.18932.write.1.tlog
D:\GitHubAndGitlab\OpenComunicationModule\src\win32\OpenUSBComunicationExample\Debug\CL.19636.read.1.tlog
D:\GitHubAndGitlab\OpenComunicationModule\src\win32\OpenUSBComunicationExample\Debug\CL.19636.write.1.tlog
D:\GitHubAndGitlab\OpenComunicationModule\src\win32\OpenUSBComunicationExample\Debug\CL.2980.read.1.tlog
D:\GitHubAndGitlab\OpenComunicationModule\src\win32\OpenUSBComunicationExample\Debug\CL.2980.write.1.tlog
D:\GitHubAndGitlab\OpenComunicationModule\src\win32\OpenUSBComunicationExample\Debug\CL.3600.read.1.tlog
D:\GitHubAndGitlab\OpenComunicationModule\src\win32\OpenUSBComunicationExample\Debug\CL.3600.write.1.tlog
D:\GitHubAndGitlab\OpenComunicationModule\src\win32\OpenUSBComunicationExample\Debug\CL.6440.read.1.tlog
D:\GitHubAndGitlab\OpenComunicationModule\src\win32\OpenUSBComunicationExample\Debug\CL.6440.write.1.tlog
D:\GitHubAndGitlab\OpenComunicationModule\src\win32\OpenUSBComunicationExample\Debug\CL.6936.read.1.tlog
D:\GitHubAndGitlab\OpenComunicationModule\src\win32\OpenUSBComunicationExample\Debug\CL.6936.write.1.tlog
D:\GitHubAndGitlab\OpenComunicationModule\src\win32\OpenUSBComunicationExample\Debug\cl.command.1.tlog
D:\GitHubAndGitlab\OpenComunicationModule\src\win32\OpenUSBComunicationExample\Debug\CL.read.1.tlog
D:\GitHubAndGitlab\OpenComunicationModule\src\win32\OpenUSBComunicationExample\Debug\cl.write.1.tlog
D:\GitHubAndGitlab\OpenComunicationModule\src\win32\OpenUSBComunicationExample\Debug\CoreParcer.obj
D:\GitHubAndGitlab\OpenComunicationModule\src\win32\OpenUSBComunicationExample\Debug\DeviceInfoSet.obj
D:\GitHubAndGitlab\OpenComunicationModule\src\win32\OpenUSBComunicationExample\Debug\HiRessTimeMeasure.obj
D:\GitHubAndGitlab\OpenComunicationModule\src\win32\OpenUSBComunicationExample\Debug\link.20396.read.1.tlog
D:\GitHubAndGitlab\OpenComunicationModule\src\win32\OpenUSBComunicationExample\Debug\link.20396.write.1.tlog
D:\GitHubAndGitlab\OpenComunicationModule\src\win32\OpenUSBComunicationExample\Debug\link.20396-cvtres.read.1.tlog
D:\GitHubAndGitlab\OpenComunicationModule\src\win32\OpenUSBComunicationExample\Debug\link.20396-cvtres.write.1.tlog
D:\GitHubAndGitlab\OpenComunicationModule\src\win32\OpenUSBComunicationExample\Debug\link.command.1.tlog
D:\GitHubAndGitlab\OpenComunicationModule\src\win32\OpenUSBComunicationExample\Debug\link.read.1.tlog
D:\GitHubAndGitlab\OpenComunicationModule\src\win32\OpenUSBComunicationExample\Debug\link.write.1.tlog
D:\GitHubAndGitlab\OpenComunicationModule\src\win32\OpenUSBComunicationExample\Debug\link-cvtres.read.1.tlog
D:\GitHubAndGitlab\OpenComunicationModule\src\win32\OpenUSBComunicationExample\Debug\link-cvtres.write.1.tlog
D:\GitHubAndGitlab\OpenComunicationModule\src\win32\OpenUSBComunicationExample\Debug\mt.command.1.tlog
D:\GitHubAndGitlab\OpenComunicationModule\src\win32\OpenUSBComunicationExample\Debug\mt.read.1.tlog
D:\GitHubAndGitlab\OpenComunicationModule\src\win32\OpenUSBComunicationExample\Debug\mt.write.1.tlog
D:\GitHubAndGitlab\OpenComunicationModule\src\win32\OpenUSBComunicationExample\Debug\Open_Comunication_module.obj
D:\GITHUBANDGITLAB\OPENCOMUNICATIONMODULE\SRC\WIN32\OPENUSBCOMUNICATIONEXAMPLE\DEBUG\OPENUSBCOMUNICATIONEXAMPLE.EXE.EMBED.MANIFEST
D:\GITHUBANDGITLAB\OPENCOMUNICATIONMODULE\SRC\WIN32\OPENUSBCOMUNICATIONEXAMPLE\DEBUG\OPENUSBCOMUNICATIONEXAMPLE.EXE.EMBED.MANIFEST.RES
D:\GITHUBANDGITLAB\OPENCOMUNICATIONMODULE\SRC\WIN32\OPENUSBCOMUNICATIONEXAMPLE\DEBUG\OPENUSBCOMUNICATIONEXAMPLE.EXE.INTERMEDIATE.MANIFEST
D:\GitHubAndGitlab\OpenComunicationModule\src\win32\OpenUSBComunicationExample\Debug\OpenUSBComunicationExample.obj
D:\GitHubAndGitlab\OpenComunicationModule\src\win32\OpenUSBComunicationExample\Debug\OpenUSBComunicationExample_manifest.rc
D:\GitHubAndGitlab\OpenComunicationModule\src\win32\OpenUSBComunicationExample\Debug\ParcerBaseTokenActionProvider.obj
D:\GitHubAndGitlab\OpenComunicationModule\src\win32\OpenUSBComunicationExample\Debug\rc.command.1.tlog
D:\GitHubAndGitlab\OpenComunicationModule\src\win32\OpenUSBComunicationExample\Debug\rc.read.1.tlog
D:\GitHubAndGitlab\OpenComunicationModule\src\win32\OpenUSBComunicationExample\Debug\rc.write.1.tlog
D:\GitHubAndGitlab\OpenComunicationModule\src\win32\OpenUSBComunicationExample\Debug\stdafx.obj
D:\GitHubAndGitlab\OpenComunicationModule\src\win32\OpenUSBComunicationExample\Debug\USB_Comands.obj
D:\GitHubAndGitlab\OpenComunicationModule\src\win32\OpenUSBComunicationExample\Debug\USB_Device.obj
D:\GitHubAndGitlab\OpenComunicationModule\src\win32\OpenUSBComunicationExample\Debug\vc100.idb
D:\GITHUBANDGITLAB\OPENCOMUNICATIONMODULE\SRC\WIN32\OPENUSBCOMUNICATIONEXAMPLE\DEBUG\VC100.PDB
